<?xml version="1.0" encoding="UTF-8"?>
<testng-results ignored="0" total="1" passed="1" failed="0" skipped="0">
  <reporter-output>
  </reporter-output>
  <suite started-at="2022-02-21T22:33:33 IST" name="Suite" finished-at="2022-02-21T22:34:05 IST" duration-ms="32090">
    <groups>
    </groups>
    <test started-at="2022-02-21T22:33:33 IST" name="Test" finished-at="2022-02-21T22:34:05 IST" duration-ms="32090">
      <class name="login.Login_Maven.NewTest">
        <test-method is-config="true" signature="beforeTest()[pri:0, instance:login.Login_Maven.NewTest@140c9f39]" started-at="2022-02-21T22:33:33 IST" name="beforeTest" finished-at="2022-02-21T22:33:54 IST" duration-ms="20948" status="PASS">
          <reporter-output>
          </reporter-output>
        </test-method> <!-- beforeTest -->
        <test-method signature="f()[pri:0, instance:login.Login_Maven.NewTest@140c9f39]" started-at="2022-02-21T22:33:54 IST" name="f" finished-at="2022-02-21T22:34:05 IST" duration-ms="11111" status="PASS">
          <reporter-output>
          </reporter-output>
        </test-method> <!-- f -->
        <test-method is-config="true" signature="afterTest()[pri:0, instance:login.Login_Maven.NewTest@140c9f39]" started-at="2022-02-21T22:34:05 IST" name="afterTest" finished-at="2022-02-21T22:34:05 IST" duration-ms="0" status="PASS">
          <reporter-output>
          </reporter-output>
        </test-method> <!-- afterTest -->
      </class> <!-- login.Login_Maven.NewTest -->
    </test> <!-- Test -->
  </suite> <!-- Suite -->
</testng-results>
